<?xml version="1.0"?>
<!DOCTYPE coverage SYSTEM "http://cobertura.sourceforge.net/xml/coverage-04.dtd">

<coverage line-rate="0.9281391830559758" branch-rate="0.7789855072463768" lines-covered="1227" lines-valid="1322" branches-covered="215" branches-valid="276" complexity="1.5" version="2.1.1" timestamp="1710909284368">
	<sources>
		<source>--source</source>
		<source>/home/hiroshi/Documents/github/dakusui/pcond/target/checkout/src/main/java</source>
		<source>/home/hiroshi/Documents/github/dakusui/pcond/target/checkout/target/generated-sources/annotations</source>
	</sources>
	<packages>
		<package name="com.github.dakusui.pcond.core" line-rate="0.9047619047619048" branch-rate="0.7129629629629629" complexity="1.5161290322580645">
			<classes>
				<class name="com.github.dakusui.pcond.core.Evaluable" filename="com/github/dakusui/pcond/core/Evaluable.java" line-rate="1.0" branch-rate="1.0" complexity="0.0">
					<methods>
					</methods>
					<lines>
					</lines>
				</class>
				<class name="com.github.dakusui.pcond.core.Evaluable$Composite" filename="com/github/dakusui/pcond/core/Evaluable.java" line-rate="1.0" branch-rate="1.0" complexity="0.0">
					<methods>
					</methods>
					<lines>
					</lines>
				</class>
				<class name="com.github.dakusui.pcond.core.Evaluable$Conjunction" filename="com/github/dakusui/pcond/core/Evaluable.java" line-rate="1.0" branch-rate="1.0" complexity="0.0">
					<methods>
					</methods>
					<lines>
					</lines>
				</class>
				<class name="com.github.dakusui.pcond.core.Evaluable$CurriedContextPred" filename="com/github/dakusui/pcond/core/Evaluable.java" line-rate="1.0" branch-rate="1.0" complexity="0.0">
					<methods>
					</methods>
					<lines>
					</lines>
				</class>
				<class name="com.github.dakusui.pcond.core.Evaluable$Disjunction" filename="com/github/dakusui/pcond/core/Evaluable.java" line-rate="1.0" branch-rate="1.0" complexity="0.0">
					<methods>
					</methods>
					<lines>
					</lines>
				</class>
				<class name="com.github.dakusui.pcond.core.Evaluable$Func" filename="com/github/dakusui/pcond/core/Evaluable.java" line-rate="1.0" branch-rate="1.0" complexity="0.0">
					<methods>
					</methods>
					<lines>
					</lines>
				</class>
				<class name="com.github.dakusui.pcond.core.Evaluable$LeafPred" filename="com/github/dakusui/pcond/core/Evaluable.java" line-rate="1.0" branch-rate="1.0" complexity="0.0">
					<methods>
					</methods>
					<lines>
					</lines>
				</class>
				<class name="com.github.dakusui.pcond.core.Evaluable$Negation" filename="com/github/dakusui/pcond/core/Evaluable.java" line-rate="1.0" branch-rate="1.0" complexity="0.0">
					<methods>
					</methods>
					<lines>
					</lines>
				</class>
				<class name="com.github.dakusui.pcond.core.Evaluable$Pred" filename="com/github/dakusui/pcond/core/Evaluable.java" line-rate="1.0" branch-rate="1.0" complexity="0.0">
					<methods>
					</methods>
					<lines>
					</lines>
				</class>
				<class name="com.github.dakusui.pcond.core.Evaluable$StreamPred" filename="com/github/dakusui/pcond/core/Evaluable.java" line-rate="1.0" branch-rate="1.0" complexity="0.0">
					<methods>
					</methods>
					<lines>
					</lines>
				</class>
				<class name="com.github.dakusui.pcond.core.Evaluable$Transformation" filename="com/github/dakusui/pcond/core/Evaluable.java" line-rate="1.0" branch-rate="1.0" complexity="0.0">
					<methods>
					</methods>
					<lines>
					</lines>
				</class>
				<class name="com.github.dakusui.pcond.core.EvaluableIo" filename="com/github/dakusui/pcond/core/EvaluableIo.java" line-rate="0.9411764705882353" branch-rate="1.0" complexity="1.0">
					<methods>
						<method name="&lt;init&gt;" signature="(Lcom/github/dakusui/pcond/core/ValueHolder;Lcom/github/dakusui/pcond/core/EvaluationEntry$Type;Lcom/github/dakusui/pcond/core/Evaluable;)V" line-rate="1.0" branch-rate="1.0" complexity="0">
							<lines>
								<line number="14" hits="330" branch="false"/>
								<line number="15" hits="330" branch="false"/>
							</lines>
						</method>
						<method name="&lt;init&gt;" signature="(Lcom/github/dakusui/pcond/core/ValueHolder;Lcom/github/dakusui/pcond/core/EvaluationEntry$Type;Ljava/lang/String;Lcom/github/dakusui/pcond/core/Evaluable;)V" line-rate="1.0" branch-rate="1.0" complexity="0">
							<lines>
								<line number="17" hits="3623" branch="false"/>
								<line number="18" hits="3623" branch="false"/>
								<line number="19" hits="3623" branch="false"/>
								<line number="20" hits="3623" branch="false"/>
								<line number="21" hits="3623" branch="false"/>
								<line number="22" hits="3623" branch="false"/>
								<line number="23" hits="3623" branch="false"/>
							</lines>
						</method>
						<method name="evaluable" signature="()Lcom/github/dakusui/pcond/core/Evaluable;" line-rate="1.0" branch-rate="1.0" complexity="0">
							<lines>
								<line number="42" hits="16835" branch="false"/>
							</lines>
						</method>
						<method name="evaluableType" signature="()Lcom/github/dakusui/pcond/core/EvaluationEntry$Type;" line-rate="1.0" branch-rate="1.0" complexity="0">
							<lines>
								<line number="34" hits="16282" branch="false"/>
							</lines>
						</method>
						<method name="formName" signature="()Ljava/lang/String;" line-rate="1.0" branch-rate="1.0" complexity="0">
							<lines>
								<line number="38" hits="1927" branch="false"/>
							</lines>
						</method>
						<method name="input" signature="()Lcom/github/dakusui/pcond/core/ValueHolder;" line-rate="1.0" branch-rate="1.0" complexity="0">
							<lines>
								<line number="30" hits="13964" branch="false"/>
							</lines>
						</method>
						<method name="output" signature="()Lcom/github/dakusui/pcond/core/ValueHolder;" line-rate="1.0" branch-rate="1.0" complexity="0">
							<lines>
								<line number="46" hits="18279" branch="false"/>
							</lines>
						</method>
						<method name="output" signature="(Lcom/github/dakusui/pcond/core/ValueHolder;)V" line-rate="1.0" branch-rate="1.0" complexity="0">
							<lines>
								<line number="26" hits="4074" branch="false"/>
								<line number="27" hits="4074" branch="false"/>
							</lines>
						</method>
						<method name="toString" signature="()Ljava/lang/String;" line-rate="0.0" branch-rate="1.0" complexity="0">
							<lines>
								<line number="51" hits="0" branch="false"/>
							</lines>
						</method>
					</methods>
					<lines>
						<line number="14" hits="330" branch="false"/>
						<line number="15" hits="330" branch="false"/>
						<line number="17" hits="3623" branch="false"/>
						<line number="18" hits="3623" branch="false"/>
						<line number="19" hits="3623" branch="false"/>
						<line number="20" hits="3623" branch="false"/>
						<line number="21" hits="3623" branch="false"/>
						<line number="22" hits="3623" branch="false"/>
						<line number="23" hits="3623" branch="false"/>
						<line number="26" hits="4074" branch="false"/>
						<line number="27" hits="4074" branch="false"/>
						<line number="30" hits="13964" branch="false"/>
						<line number="34" hits="16282" branch="false"/>
						<line number="38" hits="1927" branch="false"/>
						<line number="42" hits="16835" branch="false"/>
						<line number="46" hits="18279" branch="false"/>
						<line number="51" hits="0" branch="false"/>
					</lines>
				</class>
				<class name="com.github.dakusui.pcond.core.EvaluationContext" filename="com/github/dakusui/pcond/core/EvaluationContext.java" line-rate="0.9824561403508771" branch-rate="0.9444444444444444" complexity="0.0">
					<methods>
						<method name="&lt;init&gt;" signature="()V" line-rate="1.0" branch-rate="1.0" complexity="0">
							<lines>
								<line number="24" hits="330" branch="false"/>
								<line number="25" hits="330" branch="false"/>
							</lines>
						</method>
						<method name="&lt;init&gt;" signature="(Lcom/github/dakusui/pcond/core/EvaluationContext;)V" line-rate="1.0" branch-rate="1.0" complexity="0">
							<lines>
								<line number="19" hits="1412" branch="false"/>
								<line number="20" hits="1412" branch="false"/>
								<line number="22" hits="1412" branch="false"/>
								<line number="27" hits="1082" branch="false"/>
								<line number="28" hits="1082" branch="false"/>
								<line number="29" hits="1082" branch="false"/>
							</lines>
						</method>
						<method name="createEvaluableIo" signature="(Lcom/github/dakusui/pcond/core/ValueHolder;Lcom/github/dakusui/pcond/core/EvaluationEntry$Type;Ljava/lang/String;Lcom/github/dakusui/pcond/core/Evaluable;)Lcom/github/dakusui/pcond/core/EvaluableIo;" line-rate="1.0" branch-rate="1.0" complexity="0">
							<lines>
								<line number="106" hits="2037" branch="false"/>
							</lines>
						</method>
						<method name="createEvaluationEntry" signature="(Lcom/github/dakusui/pcond/core/EvaluationContext;Lcom/github/dakusui/pcond/core/EvaluableIo;)Lcom/github/dakusui/pcond/core/EvaluationEntry;" line-rate="1.0" branch-rate="1.0" complexity="0">
							<lines>
								<line number="112" hits="2037" branch="false"/>
							</lines>
						</method>
						<method name="currentIndentLevel" signature="()I" line-rate="1.0" branch-rate="1.0" complexity="0">
							<lines>
								<line number="129" hits="102" branch="false"/>
							</lines>
						</method>
						<method name="enter" signature="(Lcom/github/dakusui/pcond/core/ValueHolder;Lcom/github/dakusui/pcond/core/EvaluationEntry$Type;Ljava/lang/String;Lcom/github/dakusui/pcond/core/Evaluable;)Lcom/github/dakusui/pcond/core/EvaluableIo;" line-rate="1.0" branch-rate="1.0" complexity="0">
							<lines>
								<line number="93" hits="2037" branch="false"/>
								<line number="94" hits="2037" branch="false"/>
								<line number="95" hits="2037" branch="false"/>
								<line number="96" hits="2037" branch="false"/>
							</lines>
						</method>
						<method name="evaluate" signature="(Lcom/github/dakusui/pcond/core/EvaluableIo;Ljava/util/function/BiFunction;)V" line-rate="1.0" branch-rate="1.0" complexity="0">
							<lines>
								<line number="36" hits="439" branch="false"/>
								<line number="37" hits="439" branch="false"/>
							</lines>
						</method>
						<method name="evaluate" signature="(Lcom/github/dakusui/pcond/core/EvaluationEntry$Type;Lcom/github/dakusui/pcond/core/EvaluableIo;Ljava/util/function/BiFunction;)V" line-rate="1.0" branch-rate="1.0" complexity="0">
							<lines>
								<line number="41" hits="1284" branch="false"/>
							</lines>
						</method>
						<method name="evaluate" signature="(Lcom/github/dakusui/pcond/core/EvaluationEntry$Type;Lcom/github/dakusui/pcond/core/EvaluableIo;Ljava/util/function/Function;)V" line-rate="1.0" branch-rate="1.0" complexity="0">
							<lines>
								<line number="44" hits="1583" branch="false"/>
								<line number="45" hits="1583" branch="false"/>
							</lines>
						</method>
						<method name="evaluate" signature="(Lcom/github/dakusui/pcond/core/EvaluationEntry$Type;Ljava/lang/String;Lcom/github/dakusui/pcond/core/EvaluableIo;Ljava/util/function/Function;)V" line-rate="1.0" branch-rate="1.0" complexity="0">
							<lines>
								<line number="48" hits="2037" branch="false"/>
								<line number="49" hits="2037" branch="false"/>
								<line number="50" hits="2037" branch="false"/>
								<line number="51" hits="2037" branch="false"/>
								<line number="52" hits="2037" branch="false"/>
								<line number="53" hits="2037" branch="false"/>
							</lines>
						</method>
						<method name="flipExpectation" signature="()V" line-rate="1.0" branch-rate="1.0" complexity="0">
							<lines>
								<line number="68" hits="124" branch="true" condition-coverage="100% (2/2)">
									<conditions>
										<condition number="0" type="jump" coverage="100%"/>
									</conditions>
								</line>
								<line number="69" hits="124" branch="false"/>
							</lines>
						</method>
						<method name="formNameOf" signature="(Lcom/github/dakusui/pcond/core/EvaluableIo;)Ljava/lang/String;" line-rate="1.0" branch-rate="1.0" complexity="0">
							<lines>
								<line number="56" hits="4185" branch="false"/>
							</lines>
						</method>
						<method name="formNameOf" signature="(Lcom/github/dakusui/pcond/core/EvaluationEntry$Type;Lcom/github/dakusui/pcond/core/Evaluable;)Ljava/lang/String;" line-rate="1.0" branch-rate="1.0" complexity="0">
							<lines>
								<line number="60" hits="4515" branch="false"/>
							</lines>
						</method>
						<method name="importEntries" signature="(Lcom/github/dakusui/pcond/core/EvaluationContext;)V" line-rate="1.0" branch-rate="1.0" complexity="0">
							<lines>
								<line number="120" hits="102" branch="false"/>
								<line number="121" hits="102" branch="false"/>
							</lines>
						</method>
						<method name="importEntries" signature="(Lcom/github/dakusui/pcond/core/EvaluationContext;I)V" line-rate="1.0" branch-rate="1.0" complexity="0">
							<lines>
								<line number="125" hits="1082" branch="false"/>
								<line number="126" hits="1082" branch="false"/>
							</lines>
						</method>
						<method name="isExpectationFlipped" signature="()Z" line-rate="1.0" branch-rate="1.0" complexity="0">
							<lines>
								<line number="64" hits="3151" branch="false"/>
							</lines>
						</method>
						<method name="lambda$evaluate$0" signature="(Ljava/util/function/BiFunction;Lcom/github/dakusui/pcond/core/EvaluableIo;)Lcom/github/dakusui/pcond/core/ValueHolder;" line-rate="1.0" branch-rate="1.0" complexity="0">
							<lines>
								<line number="40" hits="2568" branch="false"/>
							</lines>
						</method>
						<method name="lambda$importEntries$1" signature="(ILcom/github/dakusui/pcond/core/EvaluationEntry;)V" line-rate="1.0" branch-rate="1.0" complexity="0">
							<lines>
								<line number="124" hits="5401" branch="false"/>
							</lines>
						</method>
						<method name="leave" signature="(Lcom/github/dakusui/pcond/core/EvaluableIo;Lcom/github/dakusui/pcond/core/ValueHolder;)V" line-rate="1.0" branch-rate="1.0" complexity="0">
							<lines>
								<line number="100" hits="2037" branch="false"/>
								<line number="101" hits="2037" branch="false"/>
								<line number="102" hits="2037" branch="false"/>
								<line number="103" hits="2037" branch="false"/>
							</lines>
						</method>
						<method name="resolveEvaluationEntryType" signature="(Lcom/github/dakusui/pcond/core/Evaluable;)Lcom/github/dakusui/pcond/core/EvaluationEntry$Type;" line-rate="0.9230769230769231" branch-rate="0.9375" complexity="0">
							<lines>
								<line number="76" hits="3861" branch="true" condition-coverage="100% (6/6)">
									<conditions>
										<condition number="0" type="jump" coverage="100%"/>
										<condition number="1" type="jump" coverage="100%"/>
										<condition number="2" type="jump" coverage="100%"/>
									</conditions>
								</line>
								<line number="77" hits="1443" branch="false"/>
								<line number="78" hits="2418" branch="true" condition-coverage="100% (2/2)">
									<conditions>
										<condition number="0" type="jump" coverage="100%"/>
									</conditions>
								</line>
								<line number="79" hits="1196" branch="false"/>
								<line number="80" hits="1222" branch="true" condition-coverage="100% (2/2)">
									<conditions>
										<condition number="0" type="jump" coverage="100%"/>
									</conditions>
								</line>
								<line number="81" hits="462" branch="false"/>
								<line number="82" hits="760" branch="true" condition-coverage="100% (2/2)">
									<conditions>
										<condition number="0" type="jump" coverage="100%"/>
									</conditions>
								</line>
								<line number="83" hits="19" branch="false"/>
								<line number="84" hits="741" branch="true" condition-coverage="100% (2/2)">
									<conditions>
										<condition number="0" type="jump" coverage="100%"/>
									</conditions>
								</line>
								<line number="85" hits="126" branch="false"/>
								<line number="86" hits="615" branch="true" condition-coverage="50% (1/2)">
									<conditions>
										<condition number="0" type="jump" coverage="50%"/>
									</conditions>
								</line>
								<line number="87" hits="615" branch="false"/>
								<line number="88" hits="0" branch="false"/>
							</lines>
						</method>
						<method name="resultEntries" signature="()Ljava/util/List;" line-rate="1.0" branch-rate="1.0" complexity="0">
							<lines>
								<line number="116" hits="1253" branch="false"/>
							</lines>
						</method>
						<method name="updateEvaluableIo" signature="(Lcom/github/dakusui/pcond/core/EvaluableIo;Lcom/github/dakusui/pcond/core/EvaluableIo;)V" line-rate="1.0" branch-rate="1.0" complexity="0">
							<lines>
								<line number="72" hits="2037" branch="false"/>
								<line number="73" hits="2037" branch="false"/>
							</lines>
						</method>
					</methods>
					<lines>
						<line number="19" hits="1412" branch="false"/>
						<line number="20" hits="1412" branch="false"/>
						<line number="22" hits="1412" branch="false"/>
						<line number="24" hits="330" branch="false"/>
						<line number="25" hits="330" branch="false"/>
						<line number="27" hits="1082" branch="false"/>
						<line number="28" hits="1082" branch="false"/>
						<line number="29" hits="1082" branch="false"/>
						<line number="36" hits="439" branch="false"/>
						<line number="37" hits="439" branch="false"/>
						<line number="40" hits="2568" branch="false"/>
						<line number="41" hits="1284" branch="false"/>
						<line number="44" hits="1583" branch="false"/>
						<line number="45" hits="1583" branch="false"/>
						<line number="48" hits="2037" branch="false"/>
						<line number="49" hits="2037" branch="false"/>
						<line number="50" hits="2037" branch="false"/>
						<line number="51" hits="2037" branch="false"/>
						<line number="52" hits="2037" branch="false"/>
						<line number="53" hits="2037" branch="false"/>
						<line number="56" hits="4185" branch="false"/>
						<line number="60" hits="4515" branch="false"/>
						<line number="64" hits="3151" branch="false"/>
						<line number="68" hits="124" branch="true" condition-coverage="100% (2/2)">
							<conditions>
								<condition number="0" type="jump" coverage="100%"/>
							</conditions>
						</line>
						<line number="69" hits="124" branch="false"/>
						<line number="72" hits="2037" branch="false"/>
						<line number="73" hits="2037" branch="false"/>
						<line number="76" hits="3861" branch="true" condition-coverage="100% (6/6)">
							<conditions>
								<condition number="0" type="jump" coverage="100%"/>
								<condition number="1" type="jump" coverage="100%"/>
								<condition number="2" type="jump" coverage="100%"/>
							</conditions>
						</line>
						<line number="77" hits="1443" branch="false"/>
						<line number="78" hits="2418" branch="true" condition-coverage="100% (2/2)">
							<conditions>
								<condition number="0" type="jump" coverage="100%"/>
							</conditions>
						</line>
						<line number="79" hits="1196" branch="false"/>
						<line number="80" hits="1222" branch="true" condition-coverage="100% (2/2)">
							<conditions>
								<condition number="0" type="jump" coverage="100%"/>
							</conditions>
						</line>
						<line number="81" hits="462" branch="false"/>
						<line number="82" hits="760" branch="true" condition-coverage="100% (2/2)">
							<conditions>
								<condition number="0" type="jump" coverage="100%"/>
							</conditions>
						</line>
						<line number="83" hits="19" branch="false"/>
						<line number="84" hits="741" branch="true" condition-coverage="100% (2/2)">
							<conditions>
								<condition number="0" type="jump" coverage="100%"/>
							</conditions>
						</line>
						<line number="85" hits="126" branch="false"/>
						<line number="86" hits="615" branch="true" condition-coverage="50% (1/2)">
							<conditions>
								<condition number="0" type="jump" coverage="50%"/>
							</conditions>
						</line>
						<line number="87" hits="615" branch="false"/>
						<line number="88" hits="0" branch="false"/>
						<line number="93" hits="2037" branch="false"/>
						<line number="94" hits="2037" branch="false"/>
						<line number="95" hits="2037" branch="false"/>
						<line number="96" hits="2037" branch="false"/>
						<line number="100" hits="2037" branch="false"/>
						<line number="101" hits="2037" branch="false"/>
						<line number="102" hits="2037" branch="false"/>
						<line number="103" hits="2037" branch="false"/>
						<line number="106" hits="2037" branch="false"/>
						<line number="112" hits="2037" branch="false"/>
						<line number="116" hits="1253" branch="false"/>
						<line number="120" hits="102" branch="false"/>
						<line number="121" hits="102" branch="false"/>
						<line number="124" hits="5401" branch="false"/>
						<line number="125" hits="1082" branch="false"/>
						<line number="126" hits="1082" branch="false"/>
						<line number="129" hits="102" branch="false"/>
					</lines>
				</class>
				<class name="com.github.dakusui.pcond.core.EvaluationEntry$1" filename="com/github/dakusui/pcond/core/EvaluationEntry.java" line-rate="1.0" branch-rate="1.0" complexity="0.0">
					<methods>
					</methods>
					<lines>
					</lines>
				</class>
				<class name="com.github.dakusui.pcond.core.EvaluationEntry$Finalized" filename="com/github/dakusui/pcond/core/EvaluationEntry.java" line-rate="0.9" branch-rate="1.0" complexity="0.0">
					<methods>
						<method name="&lt;init&gt;" signature="(Ljava/lang/String;Lcom/github/dakusui/pcond/core/EvaluationEntry$Type;ILjava/lang/Object;Ljava/lang/Object;Ljava/lang/Object;Ljava/lang/Object;Ljava/lang/Object;Ljava/lang/Object;Ljava/lang/Object;Ljava/lang/Object;ZZZ)V" line-rate="1.0" branch-rate="1.0" complexity="0">
							<lines>
								<line number="344" hits="460" branch="false"/>
								<line number="349" hits="460" branch="false"/>
								<line number="350" hits="460" branch="false"/>
								<line number="351" hits="460" branch="false"/>
								<line number="352" hits="460" branch="false"/>
								<line number="353" hits="460" branch="false"/>
							</lines>
						</method>
						<method name="detailOutputActualValue" signature="()Ljava/lang/Object;" line-rate="1.0" branch-rate="1.0" complexity="0">
							<lines>
								<line number="362" hits="59" branch="false"/>
							</lines>
						</method>
						<method name="ignored" signature="()Z" line-rate="0.0" branch-rate="1.0" complexity="0">
							<lines>
								<line number="367" hits="0" branch="false"/>
							</lines>
						</method>
						<method name="outputActualValue" signature="()Ljava/lang/Object;" line-rate="1.0" branch-rate="1.0" complexity="0">
							<lines>
								<line number="357" hits="224" branch="false"/>
							</lines>
						</method>
						<method name="requiresExplanation" signature="()Z" line-rate="1.0" branch-rate="1.0" complexity="0">
							<lines>
								<line number="372" hits="896" branch="false"/>
							</lines>
						</method>
					</methods>
					<lines>
						<line number="344" hits="460" branch="false"/>
						<line number="349" hits="460" branch="false"/>
						<line number="350" hits="460" branch="false"/>
						<line number="351" hits="460" branch="false"/>
						<line number="352" hits="460" branch="false"/>
						<line number="353" hits="460" branch="false"/>
						<line number="357" hits="224" branch="false"/>
						<line number="362" hits="59" branch="false"/>
						<line number="367" hits="0" branch="false"/>
						<line number="372" hits="896" branch="false"/>
					</lines>
				</class>
				<class name="com.github.dakusui.pcond.core.EvaluationEntry$Type" filename="com/github/dakusui/pcond/core/EvaluationEntry.java" line-rate="1.0" branch-rate="1.0" complexity="0.0">
					<methods>
						<method name="&lt;clinit&gt;" signature="()V" line-rate="1.0" branch-rate="1.0" complexity="0">
							<lines>
								<line number="250" hits="34" branch="false"/>
								<line number="251" hits="2" branch="false"/>
								<line number="257" hits="2" branch="false"/>
								<line number="270" hits="2" branch="false"/>
								<line number="281" hits="2" branch="false"/>
								<line number="287" hits="2" branch="false"/>
								<line number="293" hits="2" branch="false"/>
								<line number="304" hits="2" branch="false"/>
								<line number="310" hits="2" branch="false"/>
							</lines>
						</method>
						<method name="&lt;init&gt;" signature="(Ljava/lang/String;I)V" line-rate="1.0" branch-rate="1.0" complexity="0">
							<lines>
							</lines>
						</method>
						<method name="&lt;init&gt;" signature="(Ljava/lang/String;ILcom/github/dakusui/pcond/core/EvaluationEntry$1;)V" line-rate="1.0" branch-rate="1.0" complexity="0">
							<lines>
							</lines>
						</method>
						<method name="isSquashableWith" signature="(Lcom/github/dakusui/pcond/core/EvaluationEntry$Impl;)Z" line-rate="1.0" branch-rate="1.0" complexity="0">
							<lines>
								<line number="325" hits="486" branch="false"/>
							</lines>
						</method>
						<method name="valueOf" signature="(Ljava/lang/String;)Lcom/github/dakusui/pcond/core/EvaluationEntry$Type;" line-rate="1.0" branch-rate="1.0" complexity="0">
							<lines>
							</lines>
						</method>
						<method name="values" signature="()[Lcom/github/dakusui/pcond/core/EvaluationEntry$Type;" line-rate="1.0" branch-rate="1.0" complexity="0">
							<lines>
							</lines>
						</method>
					</methods>
					<lines>
						<line number="250" hits="34" branch="false"/>
						<line number="251" hits="2" branch="false"/>
						<line number="257" hits="2" branch="false"/>
						<line number="270" hits="2" branch="false"/>
						<line number="281" hits="2" branch="false"/>
						<line number="287" hits="2" branch="false"/>
						<line number="293" hits="2" branch="false"/>
						<line number="304" hits="2" branch="false"/>
						<line number="310" hits="2" branch="false"/>
						<line number="325" hits="486" branch="false"/>
					</lines>
				</class>
				<class name="com.github.dakusui.pcond.core.EvaluationEntry$Type$1" filename="com/github/dakusui/pcond/core/EvaluationEntry.java" line-rate="1.0" branch-rate="1.0" complexity="0.0">
					<methods>
						<method name="&lt;init&gt;" signature="(Ljava/lang/String;I)V" line-rate="1.0" branch-rate="1.0" complexity="0">
							<lines>
								<line number="251" hits="2" branch="false"/>
							</lines>
						</method>
						<method name="formName" signature="(Lcom/github/dakusui/pcond/core/Evaluable;)Ljava/lang/String;" line-rate="1.0" branch-rate="1.0" complexity="0">
							<lines>
								<line number="254" hits="960" branch="false"/>
							</lines>
						</method>
					</methods>
					<lines>
						<line number="251" hits="2" branch="false"/>
						<line number="254" hits="960" branch="false"/>
					</lines>
				</class>
				<class name="com.github.dakusui.pcond.core.EvaluationEntry$Type$2" filename="com/github/dakusui/pcond/core/EvaluationEntry.java" line-rate="0.8" branch-rate="0.75" complexity="0.0">
					<methods>
						<method name="&lt;init&gt;" signature="(Ljava/lang/String;I)V" line-rate="1.0" branch-rate="1.0" complexity="0">
							<lines>
								<line number="257" hits="2" branch="false"/>
							</lines>
						</method>
						<method name="formName" signature="(Lcom/github/dakusui/pcond/core/Evaluable;)Ljava/lang/String;" line-rate="1.0" branch-rate="1.0" complexity="0">
							<lines>
								<line number="260" hits="454" branch="false"/>
							</lines>
						</method>
						<method name="isSquashableWith" signature="(Lcom/github/dakusui/pcond/core/EvaluationEntry$Impl;)Z" line-rate="0.6666666666666666" branch-rate="0.75" complexity="0">
							<lines>
								<line number="265" hits="218" branch="true" condition-coverage="50% (1/2)">
									<conditions>
										<condition number="0" type="jump" coverage="50%"/>
									</conditions>
								</line>
								<line number="266" hits="218" branch="true" condition-coverage="100% (2/2)">
									<conditions>
										<condition number="0" type="jump" coverage="100%"/>
									</conditions>
								</line>
								<line number="267" hits="0" branch="false"/>
							</lines>
						</method>
					</methods>
					<lines>
						<line number="257" hits="2" branch="false"/>
						<line number="260" hits="454" branch="false"/>
						<line number="265" hits="218" branch="true" condition-coverage="50% (1/2)">
							<conditions>
								<condition number="0" type="jump" coverage="50%"/>
							</conditions>
						</line>
						<line number="266" hits="218" branch="true" condition-coverage="100% (2/2)">
							<conditions>
								<condition number="0" type="jump" coverage="100%"/>
							</conditions>
						</line>
						<line number="267" hits="0" branch="false"/>
					</lines>
				</class>
				<class name="com.github.dakusui.pcond.core.EvaluationEntry$Type$3" filename="com/github/dakusui/pcond/core/EvaluationEntry.java" line-rate="1.0" branch-rate="1.0" complexity="0.0">
					<methods>
						<method name="&lt;init&gt;" signature="(Ljava/lang/String;I)V" line-rate="1.0" branch-rate="1.0" complexity="0">
							<lines>
								<line number="270" hits="2" branch="false"/>
							</lines>
						</method>
						<method name="formName" signature="(Lcom/github/dakusui/pcond/core/Evaluable;)Ljava/lang/String;" line-rate="1.0" branch-rate="1.0" complexity="0">
							<lines>
								<line number="273" hits="580" branch="false"/>
							</lines>
						</method>
						<method name="isSquashableWith" signature="(Lcom/github/dakusui/pcond/core/EvaluationEntry$Impl;)Z" line-rate="1.0" branch-rate="1.0" complexity="0">
							<lines>
								<line number="278" hits="330" branch="false"/>
							</lines>
						</method>
					</methods>
					<lines>
						<line number="270" hits="2" branch="false"/>
						<line number="273" hits="580" branch="false"/>
						<line number="278" hits="330" branch="false"/>
					</lines>
				</class>
				<class name="com.github.dakusui.pcond.core.EvaluationEntry$Type$4" filename="com/github/dakusui/pcond/core/EvaluationEntry.java" line-rate="1.0" branch-rate="1.0" complexity="0.0">
					<methods>
						<method name="&lt;init&gt;" signature="(Ljava/lang/String;I)V" line-rate="1.0" branch-rate="1.0" complexity="0">
							<lines>
								<line number="281" hits="2" branch="false"/>
							</lines>
						</method>
						<method name="formName" signature="(Lcom/github/dakusui/pcond/core/Evaluable;)Ljava/lang/String;" line-rate="1.0" branch-rate="1.0" complexity="0">
							<lines>
								<line number="284" hits="562" branch="true" condition-coverage="100% (2/2)">
									<conditions>
										<condition number="0" type="jump" coverage="100%"/>
									</conditions>
								</line>
							</lines>
						</method>
					</methods>
					<lines>
						<line number="281" hits="2" branch="false"/>
						<line number="284" hits="562" branch="true" condition-coverage="100% (2/2)">
							<conditions>
								<condition number="0" type="jump" coverage="100%"/>
							</conditions>
						</line>
					</lines>
				</class>
				<class name="com.github.dakusui.pcond.core.EvaluationEntry$Type$5" filename="com/github/dakusui/pcond/core/EvaluationEntry.java" line-rate="1.0" branch-rate="1.0" complexity="0.0">
					<methods>
						<method name="&lt;init&gt;" signature="(Ljava/lang/String;I)V" line-rate="1.0" branch-rate="1.0" complexity="0">
							<lines>
								<line number="287" hits="2" branch="false"/>
							</lines>
						</method>
						<method name="formName" signature="(Lcom/github/dakusui/pcond/core/Evaluable;)Ljava/lang/String;" line-rate="1.0" branch-rate="1.0" complexity="0">
							<lines>
								<line number="290" hits="36" branch="true" condition-coverage="100% (2/2)">
									<conditions>
										<condition number="0" type="jump" coverage="100%"/>
									</conditions>
								</line>
							</lines>
						</method>
					</methods>
					<lines>
						<line number="287" hits="2" branch="false"/>
						<line number="290" hits="36" branch="true" condition-coverage="100% (2/2)">
							<conditions>
								<condition number="0" type="jump" coverage="100%"/>
							</conditions>
						</line>
					</lines>
				</class>
				<class name="com.github.dakusui.pcond.core.EvaluationEntry$Type$6" filename="com/github/dakusui/pcond/core/EvaluationEntry.java" line-rate="1.0" branch-rate="1.0" complexity="0.0">
					<methods>
						<method name="&lt;init&gt;" signature="(Ljava/lang/String;I)V" line-rate="1.0" branch-rate="1.0" complexity="0">
							<lines>
								<line number="293" hits="2" branch="false"/>
							</lines>
						</method>
						<method name="formName" signature="(Lcom/github/dakusui/pcond/core/Evaluable;)Ljava/lang/String;" line-rate="1.0" branch-rate="1.0" complexity="0">
							<lines>
								<line number="296" hits="162" branch="false"/>
							</lines>
						</method>
						<method name="isSquashableWith" signature="(Lcom/github/dakusui/pcond/core/EvaluationEntry$Impl;)Z" line-rate="1.0" branch-rate="1.0" complexity="0">
							<lines>
								<line number="301" hits="58" branch="false"/>
							</lines>
						</method>
					</methods>
					<lines>
						<line number="293" hits="2" branch="false"/>
						<line number="296" hits="162" branch="false"/>
						<line number="301" hits="58" branch="false"/>
					</lines>
				</class>
				<class name="com.github.dakusui.pcond.core.EvaluationEntry$Type$7" filename="com/github/dakusui/pcond/core/EvaluationEntry.java" line-rate="1.0" branch-rate="1.0" complexity="0.0">
					<methods>
						<method name="&lt;init&gt;" signature="(Ljava/lang/String;I)V" line-rate="1.0" branch-rate="1.0" complexity="0">
							<lines>
								<line number="304" hits="2" branch="false"/>
							</lines>
						</method>
						<method name="formName" signature="(Lcom/github/dakusui/pcond/core/Evaluable;)Ljava/lang/String;" line-rate="1.0" branch-rate="1.0" complexity="0">
							<lines>
								<line number="307" hits="2030" branch="false"/>
							</lines>
						</method>
					</methods>
					<lines>
						<line number="304" hits="2" branch="false"/>
						<line number="307" hits="2030" branch="false"/>
					</lines>
				</class>
				<class name="com.github.dakusui.pcond.core.EvaluationEntry$Type$8" filename="com/github/dakusui/pcond/core/EvaluationEntry.java" line-rate="0.5" branch-rate="0.25" complexity="0.0">
					<methods>
						<method name="&lt;init&gt;" signature="(Ljava/lang/String;I)V" line-rate="1.0" branch-rate="1.0" complexity="0">
							<lines>
								<line number="310" hits="2" branch="false"/>
							</lines>
						</method>
						<method name="formName" signature="(Lcom/github/dakusui/pcond/core/Evaluable;)Ljava/lang/String;" line-rate="0.4" branch-rate="0.25" complexity="0">
							<lines>
								<line number="313" hits="1567" branch="true" condition-coverage="50% (1/2)">
									<conditions>
										<condition number="0" type="jump" coverage="50%"/>
									</conditions>
								</line>
								<line number="314" hits="0" branch="true" condition-coverage="0% (0/2)">
									<conditions>
										<condition number="0" type="jump" coverage="0%"/>
									</conditions>
								</line>
								<line number="315" hits="0" branch="false"/>
								<line number="316" hits="0" branch="false"/>
								<line number="318" hits="1567" branch="false"/>
							</lines>
						</method>
					</methods>
					<lines>
						<line number="310" hits="2" branch="false"/>
						<line number="313" hits="1567" branch="true" condition-coverage="50% (1/2)">
							<conditions>
								<condition number="0" type="jump" coverage="50%"/>
							</conditions>
						</line>
						<line number="314" hits="0" branch="true" condition-coverage="0% (0/2)">
							<conditions>
								<condition number="0" type="jump" coverage="0%"/>
							</conditions>
						</line>
						<line number="315" hits="0" branch="false"/>
						<line number="316" hits="0" branch="false"/>
						<line number="318" hits="1567" branch="false"/>
					</lines>
				</class>
				<class name="com.github.dakusui.pcond.core.Evaluator" filename="com/github/dakusui/pcond/core/Evaluator.java" line-rate="1.0" branch-rate="1.0" complexity="0.0">
					<methods>
					</methods>
					<lines>
					</lines>
				</class>
				<class name="com.github.dakusui.pcond.core.Evaluator$Explainable" filename="com/github/dakusui/pcond/core/Evaluator.java" line-rate="1.0" branch-rate="1.0" complexity="0.0">
					<methods>
					</methods>
					<lines>
					</lines>
				</class>
				<class name="com.github.dakusui.pcond.core.Evaluator$Impl" filename="com/github/dakusui/pcond/core/Evaluator.java" line-rate="0.910828025477707" branch-rate="0.6612903225806451" complexity="0.0">
					<methods>
						<method name="&lt;clinit&gt;" signature="()V" line-rate="1.0" branch-rate="1.0" complexity="0">
							<lines>
								<line number="109" hits="27" branch="false"/>
								<line number="110" hits="2" branch="false"/>
								<line number="117" hits="2" branch="false"/>
							</lines>
						</method>
						<method name="&lt;init&gt;" signature="()V" line-rate="1.0" branch-rate="1.0" complexity="0">
							<lines>
								<line number="123" hits="327" branch="false"/>
								<line number="124" hits="327" branch="false"/>
							</lines>
						</method>
						<method name="access$000" signature="()Ljava/lang/Object;" line-rate="1.0" branch-rate="1.0" complexity="0">
							<lines>
							</lines>
						</method>
						<method name="applyFunction" signature="(Lcom/github/dakusui/pcond/core/ValueHolder;Ljava/lang/Object;Ljava/util/function/Function;)Lcom/github/dakusui/pcond/core/ValueHolder;" line-rate="1.0" branch-rate="1.0" complexity="0">
							<lines>
								<line number="263" hits="294" branch="false"/>
								<line number="264" hits="272" branch="false"/>
								<line number="265" hits="22" branch="false"/>
								<line number="266" hits="22" branch="false"/>
							</lines>
						</method>
						<method name="createChildEvaluableIoOf" signature="(Lcom/github/dakusui/pcond/core/Evaluable;Lcom/github/dakusui/pcond/core/ValueHolder;)Lcom/github/dakusui/pcond/core/EvaluableIo;" line-rate="1.0" branch-rate="1.0" complexity="0">
							<lines>
								<line number="372" hits="1256" branch="false"/>
							</lines>
						</method>
						<method name="createChildEvaluableIoOf" signature="(Lcom/github/dakusui/pcond/core/EvaluationEntry$Type;Ljava/lang/String;Lcom/github/dakusui/pcond/core/Evaluable;Lcom/github/dakusui/pcond/core/ValueHolder;)Lcom/github/dakusui/pcond/core/EvaluableIo;" line-rate="1.0" branch-rate="1.0" complexity="0">
							<lines>
								<line number="381" hits="1256" branch="false"/>
							</lines>
						</method>
						<method name="createChildEvaluableIoOf" signature="(Ljava/lang/String;Lcom/github/dakusui/pcond/core/Evaluable;Lcom/github/dakusui/pcond/core/ValueHolder;)Lcom/github/dakusui/pcond/core/EvaluableIo;" line-rate="1.0" branch-rate="1.0" complexity="0">
							<lines>
								<line number="376" hits="1256" branch="false"/>
								<line number="377" hits="1256" branch="false"/>
							</lines>
						</method>
						<method name="evaluateChecker" signature="(Ljava/lang/String;Lcom/github/dakusui/pcond/core/Evaluable;Lcom/github/dakusui/pcond/core/ValueHolder;Lcom/github/dakusui/pcond/core/EvaluationContext;)Lcom/github/dakusui/pcond/core/EvaluableIo;" line-rate="1.0" branch-rate="1.0" complexity="0">
							<lines>
								<line number="310" hits="227" branch="false"/>
								<line number="312" hits="227" branch="false"/>
								<line number="314" hits="227" branch="false"/>
								<line number="321" hits="227" branch="false"/>
								<line number="323" hits="227" branch="false"/>
							</lines>
						</method>
						<method name="evaluateConjunction" signature="(Lcom/github/dakusui/pcond/core/EvaluableIo;Lcom/github/dakusui/pcond/core/EvaluationContext;)V" line-rate="1.0" branch-rate="1.0" complexity="0">
							<lines>
								<line number="128" hits="110" branch="false"/>
								<line number="154" hits="110" branch="false"/>
							</lines>
						</method>
						<method name="evaluateCurriedContextPredicate" signature="(Lcom/github/dakusui/pcond/core/EvaluableIo;Lcom/github/dakusui/pcond/core/EvaluationContext;)V" line-rate="1.0" branch-rate="1.0" complexity="0">
							<lines>
								<line number="362" hits="17" branch="false"/>
								<line number="369" hits="17" branch="false"/>
							</lines>
						</method>
						<method name="evaluateDisjunction" signature="(Lcom/github/dakusui/pcond/core/EvaluableIo;Lcom/github/dakusui/pcond/core/EvaluationContext;)V" line-rate="1.0" branch-rate="1.0" complexity="0">
							<lines>
								<line number="158" hits="9" branch="false"/>
								<line number="184" hits="9" branch="false"/>
							</lines>
						</method>
						<method name="evaluateFunction" signature="(Lcom/github/dakusui/pcond/core/EvaluableIo;Lcom/github/dakusui/pcond/core/EvaluationContext;)V" line-rate="1.0" branch-rate="1.0" complexity="0">
							<lines>
								<line number="228" hits="299" branch="false"/>
								<line number="257" hits="299" branch="false"/>
							</lines>
						</method>
						<method name="evaluateLeaf" signature="(Lcom/github/dakusui/pcond/core/EvaluableIo;Lcom/github/dakusui/pcond/core/EvaluationContext;)V" line-rate="1.0" branch-rate="1.0" complexity="0">
							<lines>
								<line number="207" hits="546" branch="false"/>
								<line number="223" hits="546" branch="false"/>
							</lines>
						</method>
						<method name="evaluateMapper" signature="(Ljava/lang/String;Lcom/github/dakusui/pcond/core/Evaluable;Lcom/github/dakusui/pcond/core/ValueHolder;Lcom/github/dakusui/pcond/core/EvaluationContext;)Lcom/github/dakusui/pcond/core/EvaluableIo;" line-rate="1.0" branch-rate="1.0" complexity="0">
							<lines>
								<line number="292" hits="227" branch="false"/>
								<line number="294" hits="227" branch="false"/>
								<line number="297" hits="227" branch="false"/>
								<line number="304" hits="227" branch="false"/>
								<line number="306" hits="227" branch="false"/>
							</lines>
						</method>
						<method name="evaluateNegation" signature="(Lcom/github/dakusui/pcond/core/EvaluableIo;Lcom/github/dakusui/pcond/core/EvaluationContext;)V" line-rate="1.0" branch-rate="1.0" complexity="0">
							<lines>
								<line number="188" hits="36" branch="false"/>
								<line number="203" hits="36" branch="false"/>
							</lines>
						</method>
						<method name="evaluateStreamPredicate" signature="(Lcom/github/dakusui/pcond/core/EvaluableIo;Lcom/github/dakusui/pcond/core/EvaluationContext;)V" line-rate="1.0" branch-rate="1.0" complexity="0">
							<lines>
								<line number="333" hits="40" branch="false"/>
								<line number="358" hits="40" branch="false"/>
							</lines>
						</method>
						<method name="evaluateTransformation" signature="(Lcom/github/dakusui/pcond/core/EvaluableIo;Lcom/github/dakusui/pcond/core/EvaluationContext;)V" line-rate="0.7142857142857143" branch-rate="0.5" complexity="0">
							<lines>
								<line number="273" hits="227" branch="true" condition-coverage="50% (1/2)">
									<conditions>
										<condition number="0" type="jump" coverage="50%"/>
									</conditions>
								</line>
								<line number="274" hits="0" branch="false"/>
								<line number="275" hits="0" branch="false"/>
								<line number="277" hits="227" branch="false"/>
								<line number="278" hits="227" branch="false"/>
								<line number="288" hits="227" branch="false"/>
								<line number="289" hits="227" branch="false"/>
							</lines>
						</method>
						<method name="lambda$evaluateChecker$9" signature="(Lcom/github/dakusui/pcond/core/EvaluationContext;Lcom/github/dakusui/pcond/core/EvaluableIo;)Lcom/github/dakusui/pcond/core/ValueHolder;" line-rate="1.0" branch-rate="1.0" complexity="0">
							<lines>
								<line number="315" hits="227" branch="false"/>
								<line number="316" hits="227" branch="false"/>
								<line number="317" hits="227" branch="false"/>
								<line number="318" hits="227" branch="false"/>
							</lines>
						</method>
						<method name="lambda$evaluateConjunction$0" signature="(Lcom/github/dakusui/pcond/core/EvaluationContext;Lcom/github/dakusui/pcond/core/Evaluable$Conjunction;Lcom/github/dakusui/pcond/core/ValueHolder;)Lcom/github/dakusui/pcond/core/ValueHolder;" line-rate="0.8571428571428571" branch-rate="0.6818181818181818" complexity="0">
							<lines>
								<line number="131" hits="110" branch="false"/>
								<line number="132" hits="110" branch="false"/>
								<line number="133" hits="110" branch="false"/>
								<line number="134" hits="110" branch="true" condition-coverage="100% (2/2)">
									<conditions>
										<condition number="0" type="jump" coverage="100%"/>
									</conditions>
								</line>
								<line number="135" hits="277" branch="false"/>
								<line number="136" hits="277" branch="false"/>
								<line number="137" hits="277" branch="false"/>
								<line number="138" hits="277" branch="true" condition-coverage="100% (2/2)">
									<conditions>
										<condition number="0" type="jump" coverage="100%"/>
									</conditions>
								</line>
								<line number="139" hits="240" branch="false"/>
								<line number="140" hits="240" branch="false"/>
								<line number="141" hits="37" branch="true" condition-coverage="50% (1/2)">
									<conditions>
										<condition number="0" type="jump" coverage="50%"/>
									</conditions>
								</line>
								<line number="142" hits="0" branch="false"/>
								<line number="143" hits="0" branch="true" condition-coverage="0% (0/2)">
									<conditions>
										<condition number="0" type="jump" coverage="0%"/>
									</conditions>
								</line>
								<line number="144" hits="37" branch="true" condition-coverage="50% (1/2)">
									<conditions>
										<condition number="0" type="jump" coverage="50%"/>
									</conditions>
								</line>
								<line number="145" hits="37" branch="false"/>
								<line number="146" hits="37" branch="true" condition-coverage="100% (2/2)">
									<conditions>
										<condition number="0" type="jump" coverage="100%"/>
									</conditions>
								</line>
								<line number="148" hits="0" branch="true" condition-coverage="0% (0/2)">
									<conditions>
										<condition number="0" type="jump" coverage="0%"/>
									</conditions>
								</line>
								<line number="149" hits="277" branch="true" condition-coverage="83% (5/6)">
									<conditions>
										<condition number="0" type="jump" coverage="100%"/>
										<condition number="1" type="jump" coverage="50%"/>
										<condition number="2" type="jump" coverage="100%"/>
									</conditions>
								</line>
								<line number="150" hits="12" branch="false"/>
								<line number="151" hits="265" branch="false"/>
								<line number="152" hits="110" branch="true" condition-coverage="100% (2/2)">
									<conditions>
										<condition number="0" type="jump" coverage="100%"/>
									</conditions>
								</line>
							</lines>
						</method>
						<method name="lambda$evaluateCurriedContextPredicate$15" signature="(Lcom/github/dakusui/pcond/core/EvaluationContext;Lcom/github/dakusui/pcond/core/Evaluable$CurriedContextPred;Lcom/github/dakusui/pcond/core/ValueHolder;)Lcom/github/dakusui/pcond/core/ValueHolder;" line-rate="1.0" branch-rate="1.0" complexity="0">
							<lines>
								<line number="363" hits="17" branch="false"/>
								<line number="364" hits="17" branch="false"/>
								<line number="365" hits="17" branch="false"/>
								<line number="366" hits="17" branch="false"/>
								<line number="367" hits="17" branch="false"/>
							</lines>
						</method>
						<method name="lambda$evaluateDisjunction$1" signature="(Lcom/github/dakusui/pcond/core/EvaluationContext;Lcom/github/dakusui/pcond/core/Evaluable$Disjunction;Lcom/github/dakusui/pcond/core/ValueHolder;)Lcom/github/dakusui/pcond/core/ValueHolder;" line-rate="0.6666666666666666" branch-rate="0.4090909090909091" complexity="0">
							<lines>
								<line number="161" hits="9" branch="false"/>
								<line number="162" hits="9" branch="false"/>
								<line number="163" hits="9" branch="false"/>
								<line number="164" hits="9" branch="true" condition-coverage="100% (2/2)">
									<conditions>
										<condition number="0" type="jump" coverage="100%"/>
									</conditions>
								</line>
								<line number="165" hits="16" branch="false"/>
								<line number="166" hits="16" branch="false"/>
								<line number="167" hits="16" branch="false"/>
								<line number="168" hits="16" branch="true" condition-coverage="50% (1/2)">
									<conditions>
										<condition number="0" type="jump" coverage="50%"/>
									</conditions>
								</line>
								<line number="169" hits="16" branch="false"/>
								<line number="170" hits="16" branch="false"/>
								<line number="171" hits="0" branch="true" condition-coverage="0% (0/2)">
									<conditions>
										<condition number="0" type="jump" coverage="0%"/>
									</conditions>
								</line>
								<line number="172" hits="0" branch="false"/>
								<line number="173" hits="0" branch="true" condition-coverage="0% (0/2)">
									<conditions>
										<condition number="0" type="jump" coverage="0%"/>
									</conditions>
								</line>
								<line number="174" hits="0" branch="true" condition-coverage="0% (0/2)">
									<conditions>
										<condition number="0" type="jump" coverage="0%"/>
									</conditions>
								</line>
								<line number="175" hits="0" branch="false"/>
								<line number="176" hits="0" branch="true" condition-coverage="0% (0/2)">
									<conditions>
										<condition number="0" type="jump" coverage="0%"/>
									</conditions>
								</line>
								<line number="178" hits="0" branch="true" condition-coverage="0% (0/2)">
									<conditions>
										<condition number="0" type="jump" coverage="0%"/>
									</conditions>
								</line>
								<line number="179" hits="16" branch="true" condition-coverage="83% (5/6)">
									<conditions>
										<condition number="0" type="jump" coverage="100%"/>
										<condition number="1" type="jump" coverage="50%"/>
										<condition number="2" type="jump" coverage="100%"/>
									</conditions>
								</line>
								<line number="180" hits="3" branch="false"/>
								<line number="181" hits="13" branch="false"/>
								<line number="182" hits="9" branch="true" condition-coverage="50% (1/2)">
									<conditions>
										<condition number="0" type="jump" coverage="50%"/>
									</conditions>
								</line>
							</lines>
						</method>
						<method name="lambda$evaluateFunction$6" signature="(Lcom/github/dakusui/pcond/core/EvaluationContext;Lcom/github/dakusui/pcond/core/Evaluable$Func;Lcom/github/dakusui/pcond/core/ValueHolder;)Lcom/github/dakusui/pcond/core/ValueHolder;" line-rate="1.0" branch-rate="1.0" complexity="0">
							<lines>
								<line number="234" hits="299" branch="false"/>
								<line number="235" hits="299" branch="false"/>
								<line number="236" hits="299" branch="false"/>
								<line number="244" hits="299" branch="false"/>
								<line number="245" hits="299" branch="false"/>
								<line number="247" hits="299" branch="false"/>
								<line number="248" hits="598" branch="false"/>
								<line number="255" hits="299" branch="false"/>
							</lines>
						</method>
						<method name="lambda$evaluateLeaf$3" signature="(Lcom/github/dakusui/pcond/core/Evaluable$LeafPred;Lcom/github/dakusui/pcond/core/ValueHolder;)Lcom/github/dakusui/pcond/core/ValueHolder;" line-rate="1.0" branch-rate="1.0" complexity="0">
							<lines>
								<line number="211" hits="546" branch="false"/>
								<line number="212" hits="546" branch="true" condition-coverage="100% (2/2)">
									<conditions>
										<condition number="0" type="jump" coverage="100%"/>
									</conditions>
								</line>
								<line number="213" hits="504" branch="false"/>
								<line number="214" hits="504" branch="false"/>
								<line number="216" hits="504" branch="false"/>
								<line number="217" hits="5" branch="false"/>
								<line number="218" hits="5" branch="false"/>
								<line number="221" hits="42" branch="false"/>
							</lines>
						</method>
						<method name="lambda$evaluateMapper$8" signature="(Lcom/github/dakusui/pcond/core/EvaluationContext;Lcom/github/dakusui/pcond/core/EvaluableIo;)Lcom/github/dakusui/pcond/core/ValueHolder;" line-rate="1.0" branch-rate="1.0" complexity="0">
							<lines>
								<line number="298" hits="227" branch="false"/>
								<line number="299" hits="227" branch="false"/>
								<line number="300" hits="227" branch="false"/>
								<line number="301" hits="227" branch="false"/>
							</lines>
						</method>
						<method name="lambda$evaluateNegation$2" signature="(Lcom/github/dakusui/pcond/core/EvaluationContext;Lcom/github/dakusui/pcond/core/Evaluable$Negation;Lcom/github/dakusui/pcond/core/ValueHolder;)Lcom/github/dakusui/pcond/core/ValueHolder;" line-rate="0.875" branch-rate="1.0" complexity="0">
							<lines>
								<line number="191" hits="36" branch="false"/>
								<line number="193" hits="36" branch="false"/>
								<line number="194" hits="36" branch="false"/>
								<line number="195" hits="72" branch="true" condition-coverage="100% (2/2)">
									<conditions>
										<condition number="0" type="jump" coverage="100%"/>
									</conditions>
								</line>
								<line number="196" hits="32" branch="false"/>
								<line number="197" hits="4" branch="false"/>
								<line number="199" hits="36" branch="false"/>
								<line number="200" hits="0" branch="false"/>
							</lines>
						</method>
						<method name="lambda$evaluateStreamPredicate$14" signature="(Lcom/github/dakusui/pcond/core/EvaluationContext;Lcom/github/dakusui/pcond/core/Evaluable$StreamPred;Lcom/github/dakusui/pcond/core/ValueHolder;)Lcom/github/dakusui/pcond/core/ValueHolder;" line-rate="1.0" branch-rate="1.0" complexity="0">
							<lines>
								<line number="335" hits="40" branch="false"/>
								<line number="336" hits="40" branch="false"/>
								<line number="350" hits="40" branch="false"/>
								<line number="356" hits="40" branch="false"/>
							</lines>
						</method>
						<method name="lambda$evaluateTransformation$7" signature="(Lcom/github/dakusui/pcond/core/EvaluationContext;Lcom/github/dakusui/pcond/core/Evaluable$Transformation;Lcom/github/dakusui/pcond/core/ValueHolder;)Lcom/github/dakusui/pcond/core/ValueHolder;" line-rate="1.0" branch-rate="1.0" complexity="0">
							<lines>
								<line number="281" hits="227" branch="false"/>
								<line number="282" hits="227" branch="false"/>
								<line number="283" hits="227" branch="false"/>
								<line number="284" hits="227" branch="false"/>
								<line number="285" hits="227" branch="false"/>
							</lines>
						</method>
						<method name="lambda$null$10" signature="(Lcom/github/dakusui/pcond/core/Evaluable$StreamPred;Lcom/github/dakusui/pcond/core/EvaluationContext;Ljava/lang/Object;)Lcom/github/dakusui/pcond/core/ValueHolder;" line-rate="0.9" branch-rate="1.0" complexity="0">
							<lines>
								<line number="337" hits="85" branch="true" condition-coverage="100% (2/2)">
									<conditions>
										<condition number="0" type="jump" coverage="100%"/>
									</conditions>
								</line>
								<line number="338" hits="26" branch="false"/>
								<line number="340" hits="85" branch="false"/>
								<line number="341" hits="85" branch="false"/>
								<line number="342" hits="85" branch="false"/>
								<line number="343" hits="85" branch="false"/>
								<line number="344" hits="170" branch="false"/>
								<line number="346" hits="85" branch="true" condition-coverage="100% (2/2)">
									<conditions>
										<condition number="0" type="jump" coverage="100%"/>
									</conditions>
								</line>
								<line number="347" hits="26" branch="false"/>
								<line number="348" hits="0" branch="false"/>
							</lines>
						</method>
						<method name="lambda$null$11" signature="(Lcom/github/dakusui/pcond/core/Evaluable$StreamPred;Lcom/github/dakusui/pcond/core/ValueHolder;)Z" line-rate="1.0" branch-rate="1.0" complexity="0">
							<lines>
								<line number="351" hits="85" branch="true" condition-coverage="100% (2/2)">
									<conditions>
										<condition number="0" type="jump" coverage="100%"/>
									</conditions>
								</line>
								<line number="352" hits="3" branch="false"/>
								<line number="353" hits="82" branch="true" condition-coverage="100% (2/2)">
									<conditions>
										<condition number="0" type="jump" coverage="100%"/>
									</conditions>
								</line>
							</lines>
						</method>
						<method name="lambda$null$12" signature="(Lcom/github/dakusui/pcond/core/Evaluable$StreamPred;Lcom/github/dakusui/pcond/core/ValueHolder;)Lcom/github/dakusui/pcond/core/ValueHolder;" line-rate="1.0" branch-rate="1.0" complexity="0">
							<lines>
								<line number="355" hits="70" branch="true" condition-coverage="100% (2/2)">
									<conditions>
										<condition number="0" type="jump" coverage="100%"/>
									</conditions>
								</line>
							</lines>
						</method>
						<method name="lambda$null$13" signature="(Lcom/github/dakusui/pcond/core/Evaluable$StreamPred;)Lcom/github/dakusui/pcond/core/ValueHolder;" line-rate="1.0" branch-rate="1.0" complexity="0">
							<lines>
								<line number="357" hits="90" branch="false"/>
							</lines>
						</method>
						<method name="lambda$null$4" signature="(Lcom/github/dakusui/pcond/core/EvaluableIo;)Lcom/github/dakusui/pcond/core/ValueHolder;" line-rate="1.0" branch-rate="1.0" complexity="0">
							<lines>
								<line number="237" hits="299" branch="false"/>
								<line number="238" hits="299" branch="true" condition-coverage="100% (2/2)">
									<conditions>
										<condition number="0" type="jump" coverage="100%"/>
									</conditions>
								</line>
								<line number="239" hits="294" branch="false"/>
								<line number="241" hits="5" branch="false"/>
								<line number="242" hits="299" branch="false"/>
							</lines>
						</method>
						<method name="lambda$null$5" signature="(Lcom/github/dakusui/pcond/core/ValueHolder;Lcom/github/dakusui/pcond/core/EvaluationContext;Lcom/github/dakusui/pcond/core/Evaluable;)Lcom/github/dakusui/pcond/core/ValueHolder;" line-rate="1.0" branch-rate="1.0" complexity="0">
							<lines>
								<line number="249" hits="72" branch="false"/>
								<line number="250" hits="72" branch="false"/>
								<line number="251" hits="72" branch="false"/>
								<line number="252" hits="72" branch="false"/>
								<line number="253" hits="72" branch="false"/>
							</lines>
						</method>
					</methods>
					<lines>
						<line number="109" hits="27" branch="false"/>
						<line number="110" hits="2" branch="false"/>
						<line number="117" hits="2" branch="false"/>
						<line number="123" hits="327" branch="false"/>
						<line number="124" hits="327" branch="false"/>
						<line number="128" hits="110" branch="false"/>
						<line number="131" hits="110" branch="false"/>
						<line number="132" hits="110" branch="false"/>
						<line number="133" hits="110" branch="false"/>
						<line number="134" hits="110" branch="true" condition-coverage="100% (2/2)">
							<conditions>
								<condition number="0" type="jump" coverage="100%"/>
							</conditions>
						</line>
						<line number="135" hits="277" branch="false"/>
						<line number="136" hits="277" branch="false"/>
						<line number="137" hits="277" branch="false"/>
						<line number="138" hits="277" branch="true" condition-coverage="100% (2/2)">
							<conditions>
								<condition number="0" type="jump" coverage="100%"/>
							</conditions>
						</line>
						<line number="139" hits="240" branch="false"/>
						<line number="140" hits="240" branch="false"/>
						<line number="141" hits="37" branch="true" condition-coverage="50% (1/2)">
							<conditions>
								<condition number="0" type="jump" coverage="50%"/>
							</conditions>
						</line>
						<line number="142" hits="0" branch="false"/>
						<line number="143" hits="0" branch="true" condition-coverage="0% (0/2)">
							<conditions>
								<condition number="0" type="jump" coverage="0%"/>
							</conditions>
						</line>
						<line number="144" hits="37" branch="true" condition-coverage="50% (1/2)">
							<conditions>
								<condition number="0" type="jump" coverage="50%"/>
							</conditions>
						</line>
						<line number="145" hits="37" branch="false"/>
						<line number="146" hits="37" branch="true" condition-coverage="100% (2/2)">
							<conditions>
								<condition number="0" type="jump" coverage="100%"/>
							</conditions>
						</line>
						<line number="148" hits="0" branch="true" condition-coverage="0% (0/2)">
							<conditions>
								<condition number="0" type="jump" coverage="0%"/>
							</conditions>
						</line>
						<line number="149" hits="277" branch="true" condition-coverage="83% (5/6)">
							<conditions>
								<condition number="0" type="jump" coverage="100%"/>
								<condition number="1" type="jump" coverage="50%"/>
								<condition number="2" type="jump" coverage="100%"/>
							</conditions>
						</line>
						<line number="150" hits="12" branch="false"/>
						<line number="151" hits="265" branch="false"/>
						<line number="152" hits="110" branch="true" condition-coverage="100% (2/2)">
							<conditions>
								<condition number="0" type="jump" coverage="100%"/>
							</conditions>
						</line>
						<line number="154" hits="110" branch="false"/>
						<line number="158" hits="9" branch="false"/>
						<line number="161" hits="9" branch="false"/>
						<line number="162" hits="9" branch="false"/>
						<line number="163" hits="9" branch="false"/>
						<line number="164" hits="9" branch="true" condition-coverage="100% (2/2)">
							<conditions>
								<condition number="0" type="jump" coverage="100%"/>
							</conditions>
						</line>
						<line number="165" hits="16" branch="false"/>
						<line number="166" hits="16" branch="false"/>
						<line number="167" hits="16" branch="false"/>
						<line number="168" hits="16" branch="true" condition-coverage="50% (1/2)">
							<conditions>
								<condition number="0" type="jump" coverage="50%"/>
							</conditions>
						</line>
						<line number="169" hits="16" branch="false"/>
						<line number="170" hits="16" branch="false"/>
						<line number="171" hits="0" branch="true" condition-coverage="0% (0/2)">
							<conditions>
								<condition number="0" type="jump" coverage="0%"/>
							</conditions>
						</line>
						<line number="172" hits="0" branch="false"/>
						<line number="173" hits="0" branch="true" condition-coverage="0% (0/2)">
							<conditions>
								<condition number="0" type="jump" coverage="0%"/>
							</conditions>
						</line>
						<line number="174" hits="0" branch="true" condition-coverage="0% (0/2)">
							<conditions>
								<condition number="0" type="jump" coverage="0%"/>
							</conditions>
						</line>
						<line number="175" hits="0" branch="false"/>
						<line number="176" hits="0" branch="true" condition-coverage="0% (0/2)">
							<conditions>
								<condition number="0" type="jump" coverage="0%"/>
							</conditions>
						</line>
						<line number="178" hits="0" branch="true" condition-coverage="0% (0/2)">
							<conditions>
								<condition number="0" type="jump" coverage="0%"/>
							</conditions>
						</line>
						<line number="179" hits="16" branch="true" condition-coverage="83% (5/6)">
							<conditions>
								<condition number="0" type="jump" coverage="100%"/>
								<condition number="1" type="jump" coverage="50%"/>
								<condition number="2" type="jump" coverage="100%"/>
							</conditions>
						</line>
						<line number="180" hits="3" branch="false"/>
						<line number="181" hits="13" branch="false"/>
						<line number="182" hits="9" branch="true" condition-coverage="50% (1/2)">
							<conditions>
								<condition number="0" type="jump" coverage="50%"/>
							</conditions>
						</line>
						<line number="184" hits="9" branch="false"/>
						<line number="188" hits="36" branch="false"/>
						<line number="191" hits="36" branch="false"/>
						<line number="193" hits="36" branch="false"/>
						<line number="194" hits="36" branch="false"/>
						<line number="195" hits="72" branch="true" condition-coverage="100% (2/2)">
							<conditions>
								<condition number="0" type="jump" coverage="100%"/>
							</conditions>
						</line>
						<line number="196" hits="32" branch="false"/>
						<line number="197" hits="4" branch="false"/>
						<line number="199" hits="36" branch="false"/>
						<line number="200" hits="0" branch="false"/>
						<line number="203" hits="36" branch="false"/>
						<line number="207" hits="546" branch="false"/>
						<line number="211" hits="546" branch="false"/>
						<line number="212" hits="546" branch="true" condition-coverage="100% (2/2)">
							<conditions>
								<condition number="0" type="jump" coverage="100%"/>
							</conditions>
						</line>
						<line number="213" hits="504" branch="false"/>
						<line number="214" hits="504" branch="false"/>
						<line number="216" hits="504" branch="false"/>
						<line number="217" hits="5" branch="false"/>
						<line number="218" hits="5" branch="false"/>
						<line number="221" hits="42" branch="false"/>
						<line number="223" hits="546" branch="false"/>
						<line number="228" hits="299" branch="false"/>
						<line number="234" hits="299" branch="false"/>
						<line number="235" hits="299" branch="false"/>
						<line number="236" hits="299" branch="false"/>
						<line number="237" hits="299" branch="false"/>
						<line number="238" hits="299" branch="true" condition-coverage="100% (2/2)">
							<conditions>
								<condition number="0" type="jump" coverage="100%"/>
							</conditions>
						</line>
						<line number="239" hits="294" branch="false"/>
						<line number="241" hits="5" branch="false"/>
						<line number="242" hits="299" branch="false"/>
						<line number="244" hits="299" branch="false"/>
						<line number="245" hits="299" branch="false"/>
						<line number="247" hits="299" branch="false"/>
						<line number="248" hits="598" branch="false"/>
						<line number="249" hits="72" branch="false"/>
						<line number="250" hits="72" branch="false"/>
						<line number="251" hits="72" branch="false"/>
						<line number="252" hits="72" branch="false"/>
						<line number="253" hits="72" branch="false"/>
						<line number="255" hits="299" branch="false"/>
						<line number="257" hits="299" branch="false"/>
						<line number="263" hits="294" branch="false"/>
						<line number="264" hits="272" branch="false"/>
						<line number="265" hits="22" branch="false"/>
						<line number="266" hits="22" branch="false"/>
						<line number="273" hits="227" branch="true" condition-coverage="50% (1/2)">
							<conditions>
								<condition number="0" type="jump" coverage="50%"/>
							</conditions>
						</line>
						<line number="274" hits="0" branch="false"/>
						<line number="275" hits="0" branch="false"/>
						<line number="277" hits="227" branch="false"/>
						<line number="278" hits="227" branch="false"/>
						<line number="281" hits="227" branch="false"/>
						<line number="282" hits="227" branch="false"/>
						<line number="283" hits="227" branch="false"/>
						<line number="284" hits="227" branch="false"/>
						<line number="285" hits="227" branch="false"/>
						<line number="288" hits="227" branch="false"/>
						<line number="289" hits="227" branch="false"/>
						<line number="292" hits="227" branch="false"/>
						<line number="294" hits="227" branch="false"/>
						<line number="297" hits="227" branch="false"/>
						<line number="298" hits="227" branch="false"/>
						<line number="299" hits="227" branch="false"/>
						<line number="300" hits="227" branch="false"/>
						<line number="301" hits="227" branch="false"/>
						<line number="304" hits="227" branch="false"/>
						<line number="306" hits="227" branch="false"/>
						<line number="310" hits="227" branch="false"/>
						<line number="312" hits="227" branch="false"/>
						<line number="314" hits="227" branch="false"/>
						<line number="315" hits="227" branch="false"/>
						<line number="316" hits="227" branch="false"/>
						<line number="317" hits="227" branch="false"/>
						<line number="318" hits="227" branch="false"/>
						<line number="321" hits="227" branch="false"/>
						<line number="323" hits="227" branch="false"/>
						<line number="333" hits="40" branch="false"/>
						<line number="335" hits="40" branch="false"/>
						<line number="336" hits="40" branch="false"/>
						<line number="337" hits="85" branch="true" condition-coverage="100% (2/2)">
							<conditions>
								<condition number="0" type="jump" coverage="100%"/>
							</conditions>
						</line>
						<line number="338" hits="26" branch="false"/>
						<line number="340" hits="85" branch="false"/>
						<line number="341" hits="85" branch="false"/>
						<line number="342" hits="85" branch="false"/>
						<line number="343" hits="85" branch="false"/>
						<line number="344" hits="170" branch="false"/>
						<line number="346" hits="85" branch="true" condition-coverage="100% (2/2)">
							<conditions>
								<condition number="0" type="jump" coverage="100%"/>
							</conditions>
						</line>
						<line number="347" hits="26" branch="false"/>
						<line number="348" hits="0" branch="false"/>
						<line number="350" hits="40" branch="false"/>
						<line number="351" hits="85" branch="true" condition-coverage="100% (2/2)">
							<conditions>
								<condition number="0" type="jump" coverage="100%"/>
							</conditions>
						</line>
						<line number="352" hits="3" branch="false"/>
						<line number="353" hits="82" branch="true" condition-coverage="100% (2/2)">
							<conditions>
								<condition number="0" type="jump" coverage="100%"/>
							</conditions>
						</line>
						<line number="355" hits="70" branch="true" condition-coverage="100% (2/2)">
							<conditions>
								<condition number="0" type="jump" coverage="100%"/>
							</conditions>
						</line>
						<line number="356" hits="40" branch="false"/>
						<line number="357" hits="90" branch="false"/>
						<line number="358" hits="40" branch="false"/>
						<line number="362" hits="17" branch="false"/>
						<line number="363" hits="17" branch="false"/>
						<line number="364" hits="17" branch="false"/>
						<line number="365" hits="17" branch="false"/>
						<line number="366" hits="17" branch="false"/>
						<line number="367" hits="17" branch="false"/>
						<line number="369" hits="17" branch="false"/>
						<line number="372" hits="1256" branch="false"/>
						<line number="376" hits="1256" branch="false"/>
						<line number="377" hits="1256" branch="false"/>
						<line number="381" hits="1256" branch="false"/>
					</lines>
				</class>
				<class name="com.github.dakusui.pcond.core.Evaluator$Impl$1" filename="com/github/dakusui/pcond/core/Evaluator.java" line-rate="1.0" branch-rate="1.0" complexity="0.0">
					<methods>
						<method name="&lt;init&gt;" signature="()V" line-rate="1.0" branch-rate="1.0" complexity="0">
							<lines>
								<line number="110" hits="2" branch="false"/>
							</lines>
						</method>
						<method name="toString" signature="()Ljava/lang/String;" line-rate="1.0" branch-rate="1.0" complexity="0">
							<lines>
								<line number="113" hits="212" branch="false"/>
							</lines>
						</method>
					</methods>
					<lines>
						<line number="110" hits="2" branch="false"/>
						<line number="113" hits="212" branch="false"/>
					</lines>
				</class>
				<class name="com.github.dakusui.pcond.core.Evaluator$Impl$2" filename="com/github/dakusui/pcond/core/Evaluator.java" line-rate="1.0" branch-rate="1.0" complexity="0.0">
					<methods>
						<method name="&lt;init&gt;" signature="()V" line-rate="1.0" branch-rate="1.0" complexity="0">
							<lines>
								<line number="117" hits="2" branch="false"/>
							</lines>
						</method>
						<method name="toString" signature="()Ljava/lang/String;" line-rate="1.0" branch-rate="1.0" complexity="0">
							<lines>
								<line number="119" hits="13" branch="false"/>
							</lines>
						</method>
					</methods>
					<lines>
						<line number="117" hits="2" branch="false"/>
						<line number="119" hits="13" branch="false"/>
					</lines>
				</class>
				<class name="com.github.dakusui.pcond.core.Evaluator$Snapshottable" filename="com/github/dakusui/pcond/core/Evaluator.java" line-rate="1.0" branch-rate="1.0" complexity="0.0">
					<methods>
					</methods>
					<lines>
					</lines>
				</class>
				<class name="com.github.dakusui.pcond.core.Evaluator$Snapshottable$1" filename="com/github/dakusui/pcond/core/Evaluator.java" line-rate="1.0" branch-rate="1.0" complexity="0.0">
					<methods>
						<method name="&lt;init&gt;" signature="()V" line-rate="1.0" branch-rate="1.0" complexity="0">
							<lines>
								<line number="394" hits="2" branch="false"/>
							</lines>
						</method>
						<method name="toString" signature="()Ljava/lang/String;" line-rate="1.0" branch-rate="1.0" complexity="0">
							<lines>
								<line number="397" hits="2" branch="false"/>
							</lines>
						</method>
					</methods>
					<lines>
						<line number="394" hits="2" branch="false"/>
						<line number="397" hits="2" branch="false"/>
					</lines>
				</class>
				<class name="com.github.dakusui.pcond.core.ValueHolder" filename="com/github/dakusui/pcond/core/ValueHolder.java" line-rate="0.75" branch-rate="0.6875" complexity="1.7272727272727273">
					<methods>
						<method name="&lt;init&gt;" signature="(Lcom/github/dakusui/pcond/core/ValueHolder$State;Ljava/lang/Object;Ljava/lang/Throwable;Lcom/github/dakusui/pcond/core/ValueHolder$CreatorFormType;)V" line-rate="1.0" branch-rate="1.0" complexity="0">
							<lines>
								<line number="13" hits="7163" branch="false"/>
								<line number="14" hits="7163" branch="false"/>
								<line number="15" hits="7163" branch="false"/>
								<line number="16" hits="7163" branch="false"/>
								<line number="17" hits="7163" branch="false"/>
								<line number="18" hits="7163" branch="false"/>
							</lines>
						</method>
						<method name="access$100" signature="(Lcom/github/dakusui/pcond/core/ValueHolder;)Lcom/github/dakusui/pcond/core/ValueHolder$State;" line-rate="0.0" branch-rate="1.0" complexity="0">
							<lines>
								<line number="6" hits="0" branch="false"/>
							</lines>
						</method>
						<method name="clone" signature="()Lcom/github/dakusui/pcond/core/ValueHolder;" line-rate="0.3333333333333333" branch-rate="1.0" complexity="0">
							<lines>
								<line number="23" hits="4074" branch="false"/>
								<line number="24" hits="0" branch="false"/>
								<line number="25" hits="0" branch="false"/>
							</lines>
						</method>
						<method name="clone" signature="()Ljava/lang/Object;" line-rate="1.0" branch-rate="1.0" complexity="0">
							<lines>
							</lines>
						</method>
						<method name="create" signature="()Lcom/github/dakusui/pcond/core/ValueHolder;" line-rate="1.0" branch-rate="1.0" complexity="0">
							<lines>
								<line number="100" hits="4624" branch="false"/>
							</lines>
						</method>
						<method name="create" signature="(Lcom/github/dakusui/pcond/core/ValueHolder$CreatorFormType;)Lcom/github/dakusui/pcond/core/ValueHolder;" line-rate="1.0" branch-rate="1.0" complexity="0">
							<lines>
								<line number="104" hits="4624" branch="false"/>
							</lines>
						</method>
						<method name="creatorFormType" signature="()Lcom/github/dakusui/pcond/core/ValueHolder$CreatorFormType;" line-rate="1.0" branch-rate="1.0" complexity="0">
							<lines>
								<line number="77" hits="598" branch="false"/>
							</lines>
						</method>
						<method name="creatorFormType" signature="(Lcom/github/dakusui/pcond/core/ValueHolder$CreatorFormType;)Lcom/github/dakusui/pcond/core/ValueHolder;" line-rate="1.0" branch-rate="1.0" complexity="0">
							<lines>
								<line number="96" hits="897" branch="false"/>
							</lines>
						</method>
						<method name="evaluationSkipped" signature="()Lcom/github/dakusui/pcond/core/ValueHolder;" line-rate="1.0" branch-rate="1.0" complexity="0">
							<lines>
								<line number="92" hits="84" branch="false"/>
							</lines>
						</method>
						<method name="exceptionThrown" signature="(Ljava/lang/Throwable;)Lcom/github/dakusui/pcond/core/ValueHolder;" line-rate="1.0" branch-rate="1.0" complexity="0">
							<lines>
								<line number="87" hits="27" branch="false"/>
							</lines>
						</method>
						<method name="forValue" signature="(Ljava/lang/Object;)Lcom/github/dakusui/pcond/core/ValueHolder;" line-rate="1.0" branch-rate="1.0" complexity="0">
							<lines>
								<line number="52" hits="730" branch="false"/>
							</lines>
						</method>
						<method name="isEvaluationSkipped" signature="()Z" line-rate="1.0" branch-rate="1.0" complexity="0">
							<lines>
								<line number="73" hits="470" branch="true" condition-coverage="100% (2/2)">
									<conditions>
										<condition number="0" type="jump" coverage="100%"/>
									</conditions>
								</line>
							</lines>
						</method>
						<method name="isExceptionThrown" signature="()Z" line-rate="1.0" branch-rate="1.0" complexity="0">
							<lines>
								<line number="69" hits="345" branch="true" condition-coverage="100% (2/2)">
									<conditions>
										<condition number="0" type="jump" coverage="100%"/>
									</conditions>
								</line>
							</lines>
						</method>
						<method name="isValueReturned" signature="()Z" line-rate="1.0" branch-rate="1.0" complexity="0">
							<lines>
								<line number="65" hits="10104" branch="true" condition-coverage="100% (2/2)">
									<conditions>
										<condition number="0" type="jump" coverage="100%"/>
									</conditions>
								</line>
							</lines>
						</method>
						<method name="returnedValue" signature="()Ljava/lang/Object;" line-rate="1.0" branch-rate="1.0" complexity="0">
							<lines>
								<line number="34" hits="14670" branch="false"/>
							</lines>
						</method>
						<method name="state" signature="()Lcom/github/dakusui/pcond/core/ValueHolder$State;" line-rate="1.0" branch-rate="1.0" complexity="0">
							<lines>
								<line number="30" hits="20275" branch="false"/>
							</lines>
						</method>
						<method name="thrownException" signature="()Ljava/lang/Throwable;" line-rate="1.0" branch-rate="1.0" complexity="0">
							<lines>
								<line number="38" hits="442" branch="false"/>
							</lines>
						</method>
						<method name="toString" signature="()Ljava/lang/String;" line-rate="0.0" branch-rate="0.0" complexity="0">
							<lines>
								<line number="57" hits="0" branch="true" condition-coverage="0% (0/2)">
									<conditions>
										<condition number="0" type="jump" coverage="0%"/>
									</conditions>
								</line>
								<line number="58" hits="0" branch="false"/>
								<line number="59" hits="0" branch="true" condition-coverage="0% (0/2)">
									<conditions>
										<condition number="0" type="jump" coverage="0%"/>
									</conditions>
								</line>
[...]
							<lines>
								<line number="602" hits="13" branch="false"/>
								<line number="603" hits="13" branch="false"/>
							</lines>
						</method>
						<method name="exceptionComposerForAssert" signature="(Lcom/github/dakusui/pcond/validator/ExceptionComposer$ForAssertion;)Lcom/github/dakusui/pcond/validator/Validator$Configuration$Builder;" line-rate="1.0" branch-rate="1.0" complexity="0">
							<lines>
								<line number="607" hits="13" branch="false"/>
								<line number="608" hits="13" branch="false"/>
							</lines>
						</method>
						<method name="exceptionComposerForAssertThat" signature="(Lcom/github/dakusui/pcond/validator/ExceptionComposer$ForTestAssertion;)Lcom/github/dakusui/pcond/validator/Validator$Configuration$Builder;" line-rate="1.0" branch-rate="1.0" complexity="0">
							<lines>
								<line number="612" hits="13" branch="false"/>
								<line number="613" hits="13" branch="false"/>
							</lines>
						</method>
						<method name="exceptionComposerForEnsure" signature="(Lcom/github/dakusui/pcond/validator/ExceptionComposer$ForEnsure;)Lcom/github/dakusui/pcond/validator/Validator$Configuration$Builder;" line-rate="1.0" branch-rate="1.0" complexity="0">
							<lines>
								<line number="597" hits="13" branch="false"/>
								<line number="598" hits="13" branch="false"/>
							</lines>
						</method>
						<method name="exceptionComposerForRequire" signature="(Lcom/github/dakusui/pcond/validator/ExceptionComposer$ForRequire;)Lcom/github/dakusui/pcond/validator/Validator$Configuration$Builder;" line-rate="1.0" branch-rate="1.0" complexity="0">
							<lines>
								<line number="592" hits="13" branch="false"/>
								<line number="593" hits="13" branch="false"/>
							</lines>
						</method>
						<method name="fromProperties" signature="(Ljava/util/Properties;)Lcom/github/dakusui/pcond/validator/Validator$Configuration$Builder;" line-rate="1.0" branch-rate="1.0" complexity="0">
							<lines>
								<line number="710" hits="26" branch="false"/>
								<line number="711" hits="13" branch="false"/>
								<line number="712" hits="13" branch="false"/>
								<line number="713" hits="13" branch="false"/>
								<line number="714" hits="13" branch="false"/>
								<line number="715" hits="13" branch="false"/>
								<line number="716" hits="13" branch="false"/>
								<line number="717" hits="13" branch="false"/>
								<line number="718" hits="13" branch="false"/>
								<line number="719" hits="13" branch="false"/>
							</lines>
						</method>
						<method name="isClassPresent" signature="(Ljava/lang/String;)Z" line-rate="0.5" branch-rate="1.0" complexity="0">
							<lines>
								<line number="693" hits="13" branch="false"/>
								<line number="694" hits="13" branch="false"/>
								<line number="695" hits="0" branch="false"/>
								<line number="696" hits="0" branch="false"/>
							</lines>
						</method>
						<method name="messageComposer" signature="(Lcom/github/dakusui/pcond/validator/MessageComposer;)Lcom/github/dakusui/pcond/validator/Validator$Configuration$Builder;" line-rate="1.0" branch-rate="1.0" complexity="0">
							<lines>
								<line number="617" hits="13" branch="false"/>
								<line number="618" hits="13" branch="false"/>
							</lines>
						</method>
						<method name="reportComposer" signature="(Lcom/github/dakusui/pcond/validator/ReportComposer;)Lcom/github/dakusui/pcond/validator/Validator$Configuration$Builder;" line-rate="1.0" branch-rate="1.0" complexity="0">
							<lines>
								<line number="622" hits="13" branch="false"/>
								<line number="623" hits="13" branch="false"/>
							</lines>
						</method>
						<method name="summarizedStringLength" signature="(I)Lcom/github/dakusui/pcond/validator/Validator$Configuration$Builder;" line-rate="1.0" branch-rate="1.0" complexity="0">
							<lines>
								<line number="587" hits="13" branch="false"/>
								<line number="588" hits="13" branch="false"/>
							</lines>
						</method>
						<method name="useEvaluator" signature="(Z)Lcom/github/dakusui/pcond/validator/Validator$Configuration$Builder;" line-rate="1.0" branch-rate="1.0" complexity="0">
							<lines>
								<line number="582" hits="13" branch="false"/>
								<line number="583" hits="13" branch="false"/>
							</lines>
						</method>
						<method name="useOpentest4J" signature="()Lcom/github/dakusui/pcond/validator/Validator$Configuration$Builder;" line-rate="0.0" branch-rate="1.0" complexity="0">
							<lines>
								<line number="627" hits="0" branch="false"/>
								<line number="628" hits="0" branch="false"/>
							</lines>
						</method>
					</methods>
					<lines>
						<line number="564" hits="65" branch="false"/>
						<line number="577" hits="13" branch="false"/>
						<line number="578" hits="13" branch="false"/>
						<line number="582" hits="13" branch="false"/>
						<line number="583" hits="13" branch="false"/>
						<line number="587" hits="13" branch="false"/>
						<line number="588" hits="13" branch="false"/>
						<line number="592" hits="13" branch="false"/>
						<line number="593" hits="13" branch="false"/>
						<line number="597" hits="13" branch="false"/>
						<line number="598" hits="13" branch="false"/>
						<line number="602" hits="13" branch="false"/>
						<line number="603" hits="13" branch="false"/>
						<line number="607" hits="13" branch="false"/>
						<line number="608" hits="13" branch="false"/>
						<line number="612" hits="13" branch="false"/>
						<line number="613" hits="13" branch="false"/>
						<line number="617" hits="13" branch="false"/>
						<line number="618" hits="13" branch="false"/>
						<line number="622" hits="13" branch="false"/>
						<line number="623" hits="13" branch="false"/>
						<line number="627" hits="0" branch="false"/>
						<line number="628" hits="0" branch="false"/>
						<line number="632" hits="13" branch="true" condition-coverage="50% (1/2)">
							<conditions>
								<condition number="0" type="jump" coverage="50%"/>
							</conditions>
						</line>
						<line number="633" hits="0" branch="false"/>
						<line number="634" hits="13" branch="false"/>
						<line number="693" hits="13" branch="false"/>
						<line number="694" hits="13" branch="false"/>
						<line number="695" hits="0" branch="false"/>
						<line number="696" hits="0" branch="false"/>
						<line number="703" hits="0" branch="false"/>
						<line number="704" hits="0" branch="false"/>
						<line number="705" hits="0" branch="false"/>
						<line number="710" hits="26" branch="false"/>
						<line number="711" hits="13" branch="false"/>
						<line number="712" hits="13" branch="false"/>
						<line number="713" hits="13" branch="false"/>
						<line number="714" hits="13" branch="false"/>
						<line number="715" hits="13" branch="false"/>
						<line number="716" hits="13" branch="false"/>
						<line number="717" hits="13" branch="false"/>
						<line number="718" hits="13" branch="false"/>
						<line number="719" hits="13" branch="false"/>
					</lines>
				</class>
				<class name="com.github.dakusui.pcond.validator.Validator$Configuration$Builder$1" filename="com/github/dakusui/pcond/validator/Validator.java" line-rate="0.8823529411764706" branch-rate="0.5" complexity="0.0">
					<methods>
						<method name="&lt;init&gt;" signature="(Lcom/github/dakusui/pcond/validator/Validator$Configuration$Builder;)V" line-rate="1.0" branch-rate="1.0" complexity="0">
							<lines>
								<line number="634" hits="13" branch="false"/>
								<line number="635" hits="13" branch="false"/>
								<line number="638" hits="26" branch="false"/>
								<line number="639" hits="13" branch="false"/>
								<line number="640" hits="13" branch="false"/>
								<line number="641" hits="13" branch="false"/>
								<line number="642" hits="13" branch="false"/>
								<line number="643" hits="13" branch="false"/>
							</lines>
						</method>
						<method name="debugging" signature="()Ljava/util/Optional;" line-rate="0.6666666666666666" branch-rate="0.5" complexity="0">
							<lines>
								<line number="668" hits="8361" branch="true" condition-coverage="50% (1/2)">
									<conditions>
										<condition number="0" type="jump" coverage="50%"/>
									</conditions>
								</line>
								<line number="669" hits="0" branch="false"/>
								<line number="671" hits="8361" branch="false"/>
							</lines>
						</method>
						<method name="exceptionComposer" signature="()Lcom/github/dakusui/pcond/validator/ExceptionComposer;" line-rate="1.0" branch-rate="1.0" complexity="0">
							<lines>
								<line number="663" hits="159" branch="false"/>
							</lines>
						</method>
						<method name="messageComposer" signature="()Lcom/github/dakusui/pcond/validator/MessageComposer;" line-rate="1.0" branch-rate="1.0" complexity="0">
							<lines>
								<line number="676" hits="331" branch="false"/>
							</lines>
						</method>
						<method name="parentBuilder" signature="()Lcom/github/dakusui/pcond/validator/Validator$Configuration$Builder;" line-rate="0.0" branch-rate="1.0" complexity="0">
							<lines>
								<line number="686" hits="0" branch="false"/>
							</lines>
						</method>
						<method name="reportComposer" signature="()Lcom/github/dakusui/pcond/validator/ReportComposer;" line-rate="1.0" branch-rate="1.0" complexity="0">
							<lines>
								<line number="681" hits="270" branch="false"/>
							</lines>
						</method>
						<method name="summarizedStringLength" signature="()I" line-rate="1.0" branch-rate="1.0" complexity="0">
							<lines>
								<line number="648" hits="8100" branch="false"/>
							</lines>
						</method>
						<method name="useEvaluator" signature="()Z" line-rate="1.0" branch-rate="1.0" complexity="0">
							<lines>
								<line number="653" hits="330" branch="false"/>
							</lines>
						</method>
					</methods>
					<lines>
						<line number="634" hits="13" branch="false"/>
						<line number="635" hits="13" branch="false"/>
						<line number="638" hits="26" branch="false"/>
						<line number="639" hits="13" branch="false"/>
						<line number="640" hits="13" branch="false"/>
						<line number="641" hits="13" branch="false"/>
						<line number="642" hits="13" branch="false"/>
						<line number="643" hits="13" branch="false"/>
						<line number="648" hits="8100" branch="false"/>
						<line number="653" hits="330" branch="false"/>
						<line number="663" hits="159" branch="false"/>
						<line number="668" hits="8361" branch="true" condition-coverage="50% (1/2)">
							<conditions>
								<condition number="0" type="jump" coverage="50%"/>
							</conditions>
						</line>
						<line number="669" hits="0" branch="false"/>
						<line number="671" hits="8361" branch="false"/>
						<line number="676" hits="331" branch="false"/>
						<line number="681" hits="270" branch="false"/>
						<line number="686" hits="0" branch="false"/>
					</lines>
				</class>
				<class name="com.github.dakusui.pcond.validator.Validator$Configuration$Builder$1$1" filename="com/github/dakusui/pcond/validator/Validator.java" line-rate="1.0" branch-rate="1.0" complexity="0.0">
					<methods>
						<method name="&lt;init&gt;" signature="(Lcom/github/dakusui/pcond/validator/Validator$Configuration$Builder$1;)V" line-rate="1.0" branch-rate="1.0" complexity="0">
							<lines>
								<line number="635" hits="13" branch="false"/>
							</lines>
						</method>
					</methods>
					<lines>
						<line number="635" hits="13" branch="false"/>
					</lines>
				</class>
				<class name="com.github.dakusui.pcond.validator.Validator$Configuration$Debugging" filename="com/github/dakusui/pcond/validator/Validator.java" line-rate="1.0" branch-rate="1.0" complexity="0.0">
					<methods>
					</methods>
					<lines>
					</lines>
				</class>
				<class name="com.github.dakusui.pcond.validator.Validator$Configuration$Utils" filename="com/github/dakusui/pcond/validator/Validator.java" line-rate="0.7" branch-rate="0.5" complexity="0.0">
					<methods>
						<method name="&lt;clinit&gt;" signature="()V" line-rate="1.0" branch-rate="1.0" complexity="0">
							<lines>
								<line number="528" hits="2" branch="false"/>
							</lines>
						</method>
						<method name="&lt;init&gt;" signature="(Ljava/lang/String;I)V" line-rate="1.0" branch-rate="1.0" complexity="0">
							<lines>
							</lines>
						</method>
						<method name="instantiate" signature="(Ljava/lang/Class;Ljava/lang/String;)Ljava/lang/Object;" line-rate="0.3333333333333333" branch-rate="1.0" complexity="0">
							<lines>
								<line number="534" hits="91" branch="false"/>
								<line number="535" hits="0" branch="false"/>
								<line number="537" hits="0" branch="false"/>
							</lines>
						</method>
						<method name="lambda$loadPcondProperties$0" signature="(Ljava/util/Properties;Ljava/lang/Object;Ljava/lang/Object;)V" line-rate="1.0" branch-rate="1.0" complexity="0">
							<lines>
								<line number="545" hits="121" branch="false"/>
								<line number="546" hits="121" branch="false"/>
								<line number="547" hits="121" branch="false"/>
								<line number="548" hits="121" branch="true" condition-coverage="100% (2/2)">
									<conditions>
										<condition number="0" type="jump" coverage="100%"/>
									</conditions>
								</line>
								<line number="549" hits="1" branch="false"/>
								<line number="551" hits="121" branch="false"/>
							</lines>
						</method>
						<method name="loadPcondProperties" signature="()Ljava/util/Properties;" line-rate="0.6" branch-rate="0.3333333333333333" complexity="0">
							<lines>
								<line number="543" hits="2" branch="false"/>
								<line number="544" hits="2" branch="false"/>
								<line number="552" hits="2" branch="false"/>
								<line number="553" hits="2" branch="true" condition-coverage="50% (1/2)">
									<conditions>
										<condition number="0" type="jump" coverage="50%"/>
									</conditions>
								</line>
								<line number="554" hits="4" branch="false"/>
								<line number="555" hits="0" branch="false"/>
								<line number="556" hits="0" branch="false"/>
								<line number="557" hits="2" branch="true" condition-coverage="25% (1/4)">
									<conditions>
										<condition number="0" type="jump" coverage="50%"/>
										<condition number="1" type="jump" coverage="0%"/>
									</conditions>
								</line>
								<line number="558" hits="0" branch="false"/>
								<line number="559" hits="0" branch="false"/>
							</lines>
						</method>
						<method name="valueOf" signature="(Ljava/lang/String;)Lcom/github/dakusui/pcond/validator/Validator$Configuration$Utils;" line-rate="1.0" branch-rate="1.0" complexity="0">
							<lines>
							</lines>
						</method>
						<method name="values" signature="()[Lcom/github/dakusui/pcond/validator/Validator$Configuration$Utils;" line-rate="1.0" branch-rate="1.0" complexity="0">
							<lines>
							</lines>
						</method>
					</methods>
					<lines>
						<line number="528" hits="2" branch="false"/>
						<line number="534" hits="91" branch="false"/>
						<line number="535" hits="0" branch="false"/>
						<line number="537" hits="0" branch="false"/>
						<line number="543" hits="2" branch="false"/>
						<line number="544" hits="2" branch="false"/>
						<line number="545" hits="121" branch="false"/>
						<line number="546" hits="121" branch="false"/>
						<line number="547" hits="121" branch="false"/>
						<line number="548" hits="121" branch="true" condition-coverage="100% (2/2)">
							<conditions>
								<condition number="0" type="jump" coverage="100%"/>
							</conditions>
						</line>
						<line number="549" hits="1" branch="false"/>
						<line number="551" hits="121" branch="false"/>
						<line number="552" hits="2" branch="false"/>
						<line number="553" hits="2" branch="true" condition-coverage="50% (1/2)">
							<conditions>
								<condition number="0" type="jump" coverage="50%"/>
							</conditions>
						</line>
						<line number="554" hits="4" branch="false"/>
						<line number="555" hits="0" branch="false"/>
						<line number="556" hits="0" branch="false"/>
						<line number="557" hits="2" branch="true" condition-coverage="25% (1/4)">
							<conditions>
								<condition number="0" type="jump" coverage="50%"/>
								<condition number="1" type="jump" coverage="0%"/>
							</conditions>
						</line>
						<line number="558" hits="0" branch="false"/>
						<line number="559" hits="0" branch="false"/>
					</lines>
				</class>
				<class name="com.github.dakusui.pcond.validator.Validator$Impl" filename="com/github/dakusui/pcond/validator/Validator.java" line-rate="1.0" branch-rate="1.0" complexity="0.0">
					<methods>
						<method name="&lt;init&gt;" signature="(Lcom/github/dakusui/pcond/validator/Validator$Configuration;)V" line-rate="1.0" branch-rate="1.0" complexity="0">
							<lines>
								<line number="728" hits="13" branch="false"/>
								<line number="729" hits="13" branch="false"/>
								<line number="730" hits="13" branch="false"/>
							</lines>
						</method>
						<method name="configuration" signature="()Lcom/github/dakusui/pcond/validator/Validator$Configuration;" line-rate="1.0" branch-rate="1.0" complexity="0">
							<lines>
								<line number="734" hits="17551" branch="false"/>
							</lines>
						</method>
					</methods>
					<lines>
						<line number="728" hits="13" branch="false"/>
						<line number="729" hits="13" branch="false"/>
						<line number="730" hits="13" branch="false"/>
						<line number="734" hits="17551" branch="false"/>
					</lines>
				</class>
			</classes>
		</package>
		<package name="com.github.dakusui.pcond.validator.exceptions" line-rate="1.0" branch-rate="1.0" complexity="1.0">
			<classes>
				<class name="com.github.dakusui.pcond.validator.exceptions.PostconditionViolationException" filename="com/github/dakusui/pcond/validator/exceptions/PostconditionViolationException.java" line-rate="1.0" branch-rate="1.0" complexity="1.0">
					<methods>
						<method name="&lt;init&gt;" signature="(Ljava/lang/String;)V" line-rate="1.0" branch-rate="1.0" complexity="0">
							<lines>
								<line number="8" hits="2" branch="false"/>
								<line number="9" hits="2" branch="false"/>
							</lines>
						</method>
					</methods>
					<lines>
						<line number="8" hits="2" branch="false"/>
						<line number="9" hits="2" branch="false"/>
					</lines>
				</class>
				<class name="com.github.dakusui.pcond.validator.exceptions.PreconditionViolationException" filename="com/github/dakusui/pcond/validator/exceptions/PreconditionViolationException.java" line-rate="1.0" branch-rate="1.0" complexity="1.0">
					<methods>
						<method name="&lt;init&gt;" signature="(Ljava/lang/String;)V" line-rate="1.0" branch-rate="1.0" complexity="0">
							<lines>
								<line number="8" hits="2" branch="false"/>
								<line number="9" hits="2" branch="false"/>
							</lines>
						</method>
					</methods>
					<lines>
						<line number="8" hits="2" branch="false"/>
						<line number="9" hits="2" branch="false"/>
					</lines>
				</class>
				<class name="com.github.dakusui.pcond.validator.exceptions.ValidationException" filename="com/github/dakusui/pcond/validator/exceptions/ValidationException.java" line-rate="1.0" branch-rate="1.0" complexity="1.0">
					<methods>
						<method name="&lt;init&gt;" signature="(Ljava/lang/String;)V" line-rate="1.0" branch-rate="1.0" complexity="0">
							<lines>
								<line number="8" hits="1" branch="false"/>
								<line number="9" hits="1" branch="false"/>
							</lines>
						</method>
					</methods>
					<lines>
						<line number="8" hits="1" branch="false"/>
						<line number="9" hits="1" branch="false"/>
					</lines>
				</class>
			</classes>
		</package>
	</packages>
</coverage>
